<?xml version="1.0" encoding="UTF-8"?>
<coverage generated="1560376007084" clover="3.2.0">
  <project timestamp="1560376007084" name="All files">
    <metrics statements="2" coveredstatements="0" conditionals="0" coveredconditionals="0" methods="0" coveredmethods="0" elements="2" coveredelements="0" complexity="0" loc="2" ncloc="2" packages="2" files="2" classes="2">
      <package name="yatzee2">
        <metrics statements="1" coveredstatements="0" conditionals="0" coveredconditionals="0" methods="0" coveredmethods="0"/>
        <file name="babel.config.js" path="C:\Users\Petros Tsavdaridis\Documents\Webbutveckling\Vue\yatzee2\babel.config.js">
          <metrics statements="1" coveredstatements="0" conditionals="0" coveredconditionals="0" methods="0" coveredmethods="0"/>
          <line num="1" count="0" type="stmt"/>
        </file>
      </package>
      <package name="yatzee2.tests.unit">
        <metrics statements="1" coveredstatements="0" conditionals="0" coveredconditionals="0" methods="0" coveredmethods="0"/>
        <file name=".eslintrc.js" path="C:\Users\Petros Tsavdaridis\Documents\Webbutveckling\Vue\yatzee2\tests\unit\.eslintrc.js">
          <metrics statements="1" coveredstatements="0" conditionals="0" coveredconditionals="0" methods="0" coveredmethods="0"/>
          <line num="1" count="0" type="stmt"/>
        </file>
      </package>
    </metrics>
  </project>
</coverage>
