{"C:\\Users\\Petros Tsavdaridis\\Documents\\Webbutveckling\\Vue\\yatzee2\\babel.config.js": {"path":"C:\\Users\\Petros Tsavdaridis\\Documents\\Webbutveckling\\Vue\\yatzee2\\babel.config.js","statementMap":{"0":{"start":{"line":1,"column":0},"end":{"line":null,"column":-1}}},"fnMap":{},"branchMap":{},"s":{"0":0},"f":{},"b":{}}
,"C:\\Users\\Petros Tsavdaridis\\Documents\\Webbutveckling\\Vue\\yatzee2\\tests\\unit\\.eslintrc.js": {"path":"C:\\Users\\Petros Tsavdaridis\\Documents\\Webbutveckling\\Vue\\yatzee2\\tests\\unit\\.eslintrc.js","statementMap":{"0":{"start":{"line":1,"column":0},"end":{"line":null,"column":-1}}},"fnMap":{},"branchMap":{},"s":{"0":0},"f":{},"b":{}}
}
